0 info it worked if it ends with ok
1 verbose cli [ '/usr/local/Cellar/node/6.2.1/bin/node',
1 verbose cli   '/usr/local/bin/npm',
1 verbose cli   'publish' ]
2 info using npm@3.9.3
3 info using node@v6.2.1
4 verbose publish [ '.' ]
5 silly cache add args [ '.', null ]
6 verbose cache add spec .
7 silly cache add parsed spec Result {
7 silly cache add   raw: '.',
7 silly cache add   scope: null,
7 silly cache add   name: null,
7 silly cache add   rawSpec: '.',
7 silly cache add   spec: '/Users/mattcassara/Development/Personal/r3-library',
7 silly cache add   type: 'directory' }
8 verbose addLocalDirectory /Users/mattcassara/.npm/r3-library/0.2.4/package.tgz not in flight; packing
9 verbose correctMkdir /Users/mattcassara/.npm correctMkdir not in flight; initializing
10 info lifecycle r3-library@0.2.4~prepublish: r3-library@0.2.4
11 verbose lifecycle r3-library@0.2.4~prepublish: unsafe-perm in lifecycle true
12 verbose lifecycle r3-library@0.2.4~prepublish: PATH: /usr/local/lib/node_modules/npm/bin/node-gyp-bin:/Users/mattcassara/Development/Personal/r3-library/node_modules/.bin:/usr/local/Cellar/node/6.2.1/bin:/Library/Frameworks/Python.framework/Versions/3.6/bin:/Users/mattcassara/.rvm/gems/ruby-2.2.6/bin:/Users/mattcassara/.rvm/gems/ruby-2.2.6@global/bin:/Users/mattcassara/.rvm/rubies/ruby-2.2.6/bin:/Applications/Postgres.app/Contents/Versions/9.4/bin:/usr/local:/usr/local/bin:/usr/local/sbin:/usr/bin:/usr/local/bin:/usr/bin:/bin:/usr/sbin:/sbin:/Users/mattcassara/.rvm/bin:/Users/mattcassara/Library/Android/sdk/tools:/Users/mattcassara/Library/Android/sdk/platform-tools
13 verbose lifecycle r3-library@0.2.4~prepublish: CWD: /Users/mattcassara/Development/Personal/r3-library
14 silly lifecycle r3-library@0.2.4~prepublish: Args: [ '-c', 'npm run compile' ]
15 silly lifecycle r3-library@0.2.4~prepublish: Returned: code: 1  signal: null
16 info lifecycle r3-library@0.2.4~prepublish: Failed to exec prepublish script
17 error addLocal Could not install /Users/mattcassara/Development/Personal/r3-library
18 verbose stack Error: r3-library@0.2.4 prepublish: `npm run compile`
18 verbose stack Exit status 1
18 verbose stack     at EventEmitter.<anonymous> (/usr/local/lib/node_modules/npm/lib/utils/lifecycle.js:245:16)
18 verbose stack     at emitTwo (events.js:106:13)
18 verbose stack     at EventEmitter.emit (events.js:191:7)
18 verbose stack     at ChildProcess.<anonymous> (/usr/local/lib/node_modules/npm/lib/utils/spawn.js:24:14)
18 verbose stack     at emitTwo (events.js:106:13)
18 verbose stack     at ChildProcess.emit (events.js:191:7)
18 verbose stack     at maybeClose (internal/child_process.js:852:16)
18 verbose stack     at Process.ChildProcess._handle.onexit (internal/child_process.js:215:5)
19 verbose pkgid r3-library@0.2.4
20 verbose cwd /Users/mattcassara/Development/Personal/r3-library
21 error Darwin 16.6.0
22 error argv "/usr/local/Cellar/node/6.2.1/bin/node" "/usr/local/bin/npm" "publish"
23 error node v6.2.1
24 error npm  v3.9.3
25 error code ELIFECYCLE
26 error r3-library@0.2.4 prepublish: `npm run compile`
26 error Exit status 1
27 error Failed at the r3-library@0.2.4 prepublish script 'npm run compile'.
27 error Make sure you have the latest version of node.js and npm installed.
27 error If you do, this is most likely a problem with the r3-library package,
27 error not with npm itself.
27 error Tell the author that this fails on your system:
27 error     npm run compile
27 error You can get information on how to open an issue for this project with:
27 error     npm bugs r3-library
27 error Or if that isn't available, you can get their info via:
27 error     npm owner ls r3-library
27 error There is likely additional logging output above.
28 verbose exit [ 1, true ]
